[3gH    H    H    H    H    H    H    H    H    H    H    H    H    H    H    H    H    H    H    H   [INFO] Using python from: /home/adarshsosale/miniconda3/envs/env_isaaclab/bin/python
[INFO][AppLauncher]: Using device: cuda:0
[INFO][AppLauncher]: Loading experience file: /home/adarshsosale/Workspace/Isaac RL Lab/external/IsaacLab/apps/isaaclab.python.headless.rendering.kit
Loading user config located at: '/home/adarshsosale/miniconda3/envs/env_isaaclab/lib/python3.11/site-packages/isaacsim/kit/data/Kit/Isaac-Sim/5.1/user.config.json'
[Info] [carb] Logging to file: /home/adarshsosale/miniconda3/envs/env_isaaclab/lib/python3.11/site-packages/isaacsim/kit/logs/Kit/Isaac-Sim/5.1/kit_20260608_032719.log
2026-06-07T21:57:20Z [127ms] [Warning] [carb.windowing-glfw.gamepad] Joystick with unknown remapping detected (will be ignored):  qk.co QK80 MK2 2.4G System Control [03000000485400004542000010010000]

|---------------------------------------------------------------------------------------------|
| Driver Version: 580.65.06     | Graphics API: Vulkan
|=============================================================================================|
| GPU | Name                             | Active | LDA | GPU Memory | Vendor-ID | LUID       |
|     |                                  |        |     |            | Device-ID | UUID       |
|     |                                  |        |     |            | Bus-ID    |            |
|---------------------------------------------------------------------------------------------|
| 0   | NVIDIA RTX PRO 6000 Blackwell .. | Yes: 0 |     | 98133   MB | 10de      | 0          |
|     |                                  |        |     |            | 2bb4      | 543dba01.. |
|     |                                  |        |     |            | a         |            |
|=============================================================================================|
| OS: 8 elementary, Version: 8.00.0, Kernel: 6.14.0-33-generic
| XServer Vendor: The X.Org Foundation, XServer Version: 12101011 (1.21.1.11)
| Processor: AMD Ryzen 7 5800X 8-Core Processor
| Cores: 8 | Logical Cores: 16
|---------------------------------------------------------------------------------------------|
| Total Memory (MB): 96464 | Free Memory: 83013
| Total Page/Swap (MB): 3907 | Free Page/Swap: 3907
|---------------------------------------------------------------------------------------------|
2026-06-07T21:57:20Z [821ms] [Warning] [gpu.foundation.plugin] IOMMU is enabled.
2026-06-07T21:57:21Z [1,769ms] [Warning] [omni.log] Source: omni.hydra was already registered.
2026-06-07T21:57:21Z [2,011ms] [Warning] [carb] Acquiring non optional plugin interface which is not listed as dependency: [omni::physx::IPhysxBenchmarks v1.0] (plugin: <default plugin>), by client: omni.physics.physx.plugin. Add it to CARB_PLUGIN_IMPL_DEPS() macro of a client.
2026-06-07T21:57:21Z [2,019ms] [Warning] [omni.isaac.dynamic_control] omni.isaac.dynamic_control is deprecated as of Isaac Sim 4.5. No action is needed from end-users.
2026-06-07T21:57:24Z [4,268ms] [Warning] [pxr.Semantics] pxr.Semantics is deprecated - please use Semantics instead
2026-06-07T21:57:24Z [4,357ms] [Warning] [omni.graph.core.plugin] Found duplicate of category 'Replicator' - was 'Annotators', adding 'Fabric Reader'
2026-06-07T21:57:24Z [4,357ms] [Warning] [omni.graph.core.plugin] Category 'Replicator' not accepted on node type 'omni.replicator.core.FabricReader' in extension 'omni.replicator.core'
2026-06-07T21:57:24Z [4,357ms] [Warning] [omni.replicator.core.scripts.extension] No material configuration file, adding configuration to material settings directly.
2026-06-07T21:57:27Z [7,607ms] [Warning] [omni.fabric.plugin] Warning: attribute viewportHandle not found for bucket id 7


[36m======================================================================================[0m
[36m[1m[INFO][IsaacLab]: Logging to file: /tmp/isaaclab/logs/isaaclab_2026-06-08_03-27-27.log[0m
[36m======================================================================================[0m

[33m03:27:27 [simulation_context.py] WARNING: The `enable_external_forces_every_iteration` parameter in the PhysxCfg is set to False. If you are experiencing noisy velocities, consider enabling this flag. You may need to slightly increase the number of velocity iterations (setting it to 1 or 2 rather than 0), together with this flag, to improve the accuracy of velocity updates.[0m
[33m03:27:29 [prims.py] WARNING: Could not perform 'bind_physics_material' on any prims under: '/World/Robot'. This might be because of the following reasons:
	(1) The desired attribute does not exist on any of the prims.
	(2) The desired attribute exists on an instanced prim.
		Discovered list of instanced prim paths: ['/World/Robot/base_link/visuals', '/World/Robot/base_link/collisions', '/World/Robot/leg_left_link/visuals', '/World/Robot/leg_left_link/collisions', '/World/Robot/foot_left_link/visuals', '/World/Robot/foot_left_link/collisions', '/World/Robot/leg_right_link/visuals', '/World/Robot/leg_right_link/collisions', '/World/Robot/foot_right_link/visuals', '/World/Robot/foot_right_link/collisions'][0m
2026-06-07T21:57:30Z [10,515ms] [Warning] [omni.fabric.plugin] getAttributeCount called on non-existent path /World/Robot/leg_right_link/collisions/mesh_0
2026-06-07T21:57:30Z [10,515ms] [Warning] [omni.fabric.plugin] getTypes called on non-existent path /World/Robot/leg_right_link/collisions/mesh_0
[INFO] loaded policy: /home/adarshsosale/Workspace/Isaac RL Lab/logs/rsl_rl/growbot_flat_direct/2026-06-08_03-15-46/exported/policy.pt
[INFO] joints: ['hip_left', 'hip_right', 'ankle_left', 'ankle_right']
2026-06-07T21:57:33Z [13,322ms] [Warning] [carb] Client gpu.foundation.plugin has acquired [gpu::unstable::IMemoryBudgetManagerFactory v0.1] 100 times. Consider accessing this interface with carb::getCachedInterface() (Performance warning)
[INFO] forward travel dx=+0.024 m  dy=+0.007 m  final_h=0.181 m
[INFO] frames=500 fps=50
[INFO] wrote /home/adarshsosale/Workspace/Isaac RL Lab/runs/2026-06-08_03-15-40/tars_2026-06-08_03-15-40.mp4
